<?xml version="1.0" encoding="UTF-8"?>
<!-- Generated by org.testng.reporters.JUnitXMLReporter -->
<testsuite ignored="0" hostname="DESKTOP-LLHP6KB" failures="0" tests="4" name="Test" time="14.36" errors="0" timestamp="2023-04-18T12:44:21 BDT">
  <testcase classname="WafiLifePagesTests.WafiLifeTest" name="clickOnWriterMenu" time="4.547"/>
  <testcase classname="WafiLifePagesTests.WafiLifeTest" name="goNextPageTest" time="5.94"/>
  <testcase classname="WafiLifePagesTests.WafiLifeTest" name="goWafilifeHomepageTest" time="4.324"/>
  <testcase classname="WafiLifePagesTests.WafiLifeTest" name="selectAuthor" time="3.675"/>
</testsuite> <!-- Test -->
