<?xml version="1.0" encoding="UTF-8"?>
<!-- Generated by org.testng.reporters.JUnitXMLReporter -->
<testsuite ignored="0" hostname="DESKTOP-LLHP6KB" failures="0" tests="8" name="Test" time="90.813" errors="0" timestamp="2023-04-23T02:05:37 BDT">
  <testcase classname="WafiLifePagesTests.WafiLifeTest" name="checkOutPageInput" time="15.211"/>
  <testcase classname="WafiLifePagesTests.WafiLifeTest" name="checkOutPageInputAddress" time="22.52"/>
  <testcase classname="WafiLifePagesTests.WafiLifeTest" name="clickOnWriterMenu" time="26.044"/>
  <testcase classname="WafiLifePagesTests.WafiLifeTest" name="goNextPageTest" time="25.392"/>
  <testcase classname="WafiLifePagesTests.WafiLifeTest" name="goWafilifeHomepageTest" time="15.524"/>
  <testcase classname="WafiLifePagesTests.WafiLifeTest" name="orderBook" time="17.064"/>
  <testcase classname="WafiLifePagesTests.WafiLifeTest" name="selectABook" time="15.803"/>
  <testcase classname="WafiLifePagesTests.WafiLifeTest" name="selectAuthor" time="10.393"/>
</testsuite> <!-- Test -->
